# JRE version: OpenJDK Runtime Environment (8.0_242-b01) (build 1.8.0_242-release-1644-b01)
# Java VM: OpenJDK 64-Bit Server VM (25.242-b01 mixed mode windows-amd64 compressed oops)
Heap:
 PSYoungGen      total 643584K, used 335608K [0x00000000d5580000, 0x00000000fff80000, 0x0000000100000000)
  eden space 592384K, 55% used [0x00000000d5580000,0x00000000e93de728,0x00000000f9800000)
  from space 51200K, 18% used [0x00000000f9800000,0x00000000fa15fb70,0x00000000fca00000)
  to   space 49664K, 0% used [0x00000000fcf00000,0x00000000fcf00000,0x00000000fff80000)
 ParOldGen       total 357888K, used 259552K [0x0000000080000000, 0x0000000095d80000, 0x00000000d5580000)
  object space 357888K, 72% used [0x0000000080000000,0x000000008fd78260,0x0000000095d80000)
 Metaspace       used 90303K, capacity 95770K, committed 98200K, reserved 1134592K
  class space    used 11711K, capacity 12694K, committed 13488K, reserved 1048576K
GC Heap History (10 events):
Event: 165.540 GC heap before
{Heap before GC invocations=33 (full 4):
 PSYoungGen      total 649216K, used 613288K [0x00000000d5580000, 0x00000000ffc80000, 0x0000000100000000)
  eden space 604160K, 100% used [0x00000000d5580000,0x00000000fa380000,0x00000000fa380000)
  from space 45056K, 20% used [0x00000000fd080000,0x00000000fd96a278,0x00000000ffc80000)
  to   space 45568K, 0% used [0x00000000fa380000,0x00000000fa380000,0x00000000fd000000)
 ParOldGen       total 357888K, used 199207K [0x0000000080000000, 0x0000000095d80000, 0x00000000d5580000)
  object space 357888K, 55% used [0x0000000080000000,0x000000008c289d50,0x0000000095d80000)
 Metaspace       used 90208K, capacity 95548K, committed 97944K, reserved 1134592K
  class space    used 11708K, capacity 12691K, committed 13488K, reserved 1048576K
Event: 165.585 GC heap after
Heap after GC invocations=33 (full 4):
 PSYoungGen      total 649728K, used 45547K [0x00000000d5580000, 0x0000000100000000, 0x0000000100000000)
  eden space 604160K, 0% used [0x00000000d5580000,0x00000000d5580000,0x00000000fa380000)
  from space 45568K, 99% used [0x00000000fa380000,0x00000000fcffac58,0x00000000fd000000)
  to   space 49152K, 0% used [0x00000000fd000000,0x00000000fd000000,0x0000000100000000)
 ParOldGen       total 357888K, used 202635K [0x0000000080000000, 0x0000000095d80000, 0x00000000d5580000)
  object space 357888K, 56% used [0x0000000080000000,0x000000008c5e2cf0,0x0000000095d80000)
 Metaspace       used 90208K, capacity 95548K, committed 97944K, reserved 1134592K
  class space    used 11708K, capacity 12691K, committed 13488K, reserved 1048576K
}
Event: 166.174 GC heap before
{Heap before GC invocations=34 (full 4):
 PSYoungGen      total 649728K, used 649707K [0x00000000d5580000, 0x0000000100000000, 0x0000000100000000)
  eden space 604160K, 100% used [0x00000000d5580000,0x00000000fa380000,0x00000000fa380000)
  from space 45568K, 99% used [0x00000000fa380000,0x00000000fcffac58,0x00000000fd000000)
  to   space 49152K, 0% used [0x00000000fd000000,0x00000000fd000000,0x0000000100000000)
 ParOldGen       total 357888K, used 202635K [0x0000000080000000, 0x0000000095d80000, 0x00000000d5580000)
  object space 357888K, 56% used [0x0000000080000000,0x000000008c5e2cf0,0x0000000095d80000)
 Metaspace       used 90220K, capacity 95552K, committed 97944K, reserved 1134592K
  class space    used 11709K, capacity 12691K, committed 13488K, reserved 1048576K
Event: 166.207 GC heap after
Heap after GC invocations=34 (full 4):
 PSYoungGen      total 640512K, used 7264K [0x00000000d5580000, 0x0000000100000000, 0x0000000100000000)
  eden space 591360K, 0% used [0x00000000d5580000,0x00000000d5580000,0x00000000f9700000)
  from space 49152K, 14% used [0x00000000fd000000,0x00000000fd718030,0x0000000100000000)
  to   space 53760K, 0% used [0x00000000f9700000,0x00000000f9700000,0x00000000fcb80000)
 ParOldGen       total 357888K, used 242577K [0x0000000080000000, 0x0000000095d80000, 0x00000000d5580000)
  object space 357888K, 67% used [0x0000000080000000,0x000000008ece4708,0x0000000095d80000)
 Metaspace       used 90220K, capacity 95552K, committed 97944K, reserved 1134592K
  class space    used 11709K, capacity 12691K, committed 13488K, reserved 1048576K
}
Event: 166.732 GC heap before
{Heap before GC invocations=35 (full 4):
 PSYoungGen      total 640512K, used 598624K [0x00000000d5580000, 0x0000000100000000, 0x0000000100000000)
  eden space 591360K, 100% used [0x00000000d5580000,0x00000000f9700000,0x00000000f9700000)
  from space 49152K, 14% used [0x00000000fd000000,0x00000000fd718030,0x0000000100000000)
  to   space 53760K, 0% used [0x00000000f9700000,0x00000000f9700000,0x00000000fcb80000)
 ParOldGen       total 357888K, used 242577K [0x0000000080000000, 0x0000000095d80000, 0x00000000d5580000)
  object space 357888K, 67% used [0x0000000080000000,0x000000008ece4708,0x0000000095d80000)
 Metaspace       used 90224K, capacity 95552K, committed 97944K, reserved 1134592K
  class space    used 11709K, capacity 12691K, committed 13488K, reserved 1048576K
Event: 166.758 GC heap after
Heap after GC invocations=35 (full 4):
 PSYoungGen      total 645120K, used 8064K [0x00000000d5580000, 0x0000000100000000, 0x0000000100000000)
  eden space 591360K, 0% used [0x00000000d5580000,0x00000000d5580000,0x00000000f9700000)
  from space 53760K, 15% used [0x00000000f9700000,0x00000000f9ee0020,0x00000000fcb80000)
  to   space 52736K, 0% used [0x00000000fcc80000,0x00000000fcc80000,0x0000000100000000)
 ParOldGen       total 357888K, used 248518K [0x0000000080000000, 0x0000000095d80000, 0x00000000d5580000)
  object space 357888K, 69% used [0x0000000080000000,0x000000008f2b1958,0x0000000095d80000)
 Metaspace       used 90224K, capacity 95552K, committed 97944K, reserved 1134592K
  class space    used 11709K, capacity 12691K, committed 13488K, reserved 1048576K
}
Event: 167.454 GC heap before
{Heap before GC invocations=36 (full 4):
 PSYoungGen      total 645120K, used 599424K [0x00000000d5580000, 0x0000000100000000, 0x0000000100000000)
  eden space 591360K, 100% used [0x00000000d5580000,0x00000000f9700000,0x00000000f9700000)
  from space 53760K, 15% used [0x00000000f9700000,0x00000000f9ee0020,0x00000000fcb80000)
  to   space 52736K, 0% used [0x00000000fcc80000,0x00000000fcc80000,0x0000000100000000)
 ParOldGen       total 357888K, used 248518K [0x0000000080000000, 0x0000000095d80000, 0x00000000d5580000)
  object space 357888K, 69% used [0x0000000080000000,0x000000008f2b1958,0x0000000095d80000)
 Metaspace       used 90232K, capacity 95556K, committed 97944K, reserved 1134592K
  class space    used 11709K, capacity 12691K, committed 13488K, reserved 1048576K
Event: 167.470 GC heap after
Heap after GC invocations=36 (full 4):
 PSYoungGen      total 641024K, used 7360K [0x00000000d5580000, 0x00000000ffc00000, 0x0000000100000000)
  eden space 592384K, 0% used [0x00000000d5580000,0x00000000d5580000,0x00000000f9800000)
  from space 48640K, 15% used [0x00000000fcc80000,0x00000000fd3b0000,0x00000000ffc00000)
  to   space 51200K, 0% used [0x00000000f9800000,0x00000000f9800000,0x00000000fca00000)
 ParOldGen       total 357888K, used 254825K [0x0000000080000000, 0x0000000095d80000, 0x00000000d5580000)
  object space 357888K, 71% used [0x0000000080000000,0x000000008f8da698,0x0000000095d80000)
 Metaspace       used 90232K, capacity 95556K, committed 97944K, reserved 1134592K
  class space    used 11709K, capacity 12691K, committed 13488K, reserved 1048576K
}
Event: 168.518 GC heap before
{Heap before GC invocations=37 (full 4):
 PSYoungGen      total 641024K, used 599744K [0x00000000d5580000, 0x00000000ffc00000, 0x0000000100000000)
  eden space 592384K, 100% used [0x00000000d5580000,0x00000000f9800000,0x00000000f9800000)
  from space 48640K, 15% used [0x00000000fcc80000,0x00000000fd3b0000,0x00000000ffc00000)
  to   space 51200K, 0% used [0x00000000f9800000,0x00000000f9800000,0x00000000fca00000)
 ParOldGen       total 357888K, used 254825K [0x0000000080000000, 0x0000000095d80000, 0x00000000d5580000)
  object space 357888K, 71% used [0x0000000080000000,0x000000008f8da698,0x0000000095d80000)
 Metaspace       used 90293K, capacity 95770K, committed 98200K, reserved 1134592K
  class space    used 11711K, capacity 12694K, committed 13488K, reserved 1048576K
Event: 168.541 GC heap after
Heap after GC invocations=37 (full 4):
 PSYoungGen      total 643584K, used 9598K [0x00000000d5580000, 0x00000000fff80000, 0x0000000100000000)
  eden space 592384K, 0% used [0x00000000d5580000,0x00000000d5580000,0x00000000f9800000)
  from space 51200K, 18% used [0x00000000f9800000,0x00000000fa15fb70,0x00000000fca00000)
  to   space 49664K, 0% used [0x00000000fcf00000,0x00000000fcf00000,0x00000000fff80000)
 ParOldGen       total 357888K, used 259552K [0x0000000080000000, 0x0000000095d80000, 0x00000000d5580000)
  object space 357888K, 72% used [0x0000000080000000,0x000000008fd78260,0x0000000095d80000)
 Metaspace       used 90293K, capacity 95770K, committed 98200K, reserved 1134592K
  class space    used 11711K, capacity 12694K, committed 13488K, reserved 1048576K
}

